15:09:37.130855 DNSDB: check callback failed for the configuration
15:09:37.130944 Twitter: check callback failed for the configuration
15:09:37.130953 Umbrella: check callback failed for the configuration
15:09:37.130989 WhoisXML: check callback failed for the configuration
15:09:37.131077 BinaryEdge: check callback failed for the configuration
15:09:37.131137 C99: check callback failed for the configuration
15:09:37.131179 Chaos: check callback failed for the configuration
15:09:37.131199 CIRCL: check callback failed for the configuration
15:09:37.131215 GitHub: check callback failed for the configuration
15:09:37.131233 PassiveTotal: check callback failed for the configuration
15:09:37.131252 ReconDev: check callback failed for the configuration
15:09:37.131267 SecurityTrails: check callback failed for the configuration
15:09:37.131283 Shodan: check callback failed for the configuration
15:09:37.131299 Spyse: check callback failed for the configuration
15:09:37.131309 ZETAlytics: check callback failed for the configuration
15:09:37.131317 ZoomEye: check callback failed for the configuration
15:09:37.131336 FacebookCT: check callback failed for the configuration
15:09:37.131374 AlienVault: API key data was not provided
15:09:37.131411 Cloudflare: API key data was not provided
15:09:59.700645 NetworksDB: API key data was not provided
15:10:00.356882 URLScan: API key data was not provided
15:10:05.359487 Querying SiteDossier for lbsyun.baidu.com subdomains
15:10:05.359525 SiteDossier: http://www.sitedossier.com/parentdomain/lbsyun.baidu.com: 404 No data available
15:10:10.359696 Querying DNSDumpster for lbsyun.baidu.com subdomains
15:10:10.359750 Querying Pastebin for lbsyun.baidu.com subdomains
15:10:10.359782 Querying BuiltWith for lbsyun.baidu.com subdomains
15:10:10.359805 Querying UKGovArchive for lbsyun.baidu.com subdomains
15:10:10.359830 Querying CertSpotter for lbsyun.baidu.com subdomains
15:10:10.359856 Querying Ask for lbsyun.baidu.com subdomains
15:10:10.359877 Querying GoogleCT for lbsyun.baidu.com subdomains
15:10:10.359900 Querying Censys for lbsyun.baidu.com subdomains
15:10:10.359924 Querying CommonCrawl for lbsyun.baidu.com subdomains
15:10:15.360027 Querying Bing for lbsyun.baidu.com subdomains
15:10:15.360119 Querying Riddler for lbsyun.baidu.com subdomains
15:10:15.360158 Querying HackerTarget for lbsyun.baidu.com subdomains
15:10:15.360175 Querying Wayback for lbsyun.baidu.com subdomains
15:10:15.360208 Querying ThreatCrowd for lbsyun.baidu.com subdomains
15:10:15.360254 Querying BufferOver for lbsyun.baidu.com subdomains
15:10:15.360283 Querying Sublist3rAPI for lbsyun.baidu.com subdomains
15:10:20.360387 Querying Yahoo for lbsyun.baidu.com subdomains
15:10:20.360454 Querying HackerOne for lbsyun.baidu.com subdomains
15:10:20.360486 Querying URLScan for lbsyun.baidu.com subdomains
15:10:20.360507 Querying ThreatMiner for lbsyun.baidu.com subdomains
15:10:20.360552 Querying Robtex for lbsyun.baidu.com subdomains
15:10:20.360577 Querying RapidDNS for lbsyun.baidu.com subdomains
15:10:20.360599 Querying Mnemonic for lbsyun.baidu.com subdomains
15:10:20.360626 Querying ArchiveIt for lbsyun.baidu.com subdomains
15:10:25.362541 Querying ViewDNS for lbsyun.baidu.com subdomains
15:10:25.362604 AlienVault: https://otx.alienvault.com/api/v1/indicators/domain/lbsyun.baidu.com/url_list: The query returned zero results
15:10:25.362616 Querying Brute Forcing for lbsyun.baidu.com subdomains
15:10:25.362632 Querying AlienVault for lbsyun.baidu.com subdomains
15:10:25.362646 Querying Baidu for lbsyun.baidu.com subdomains
15:10:25.362660 Crtsh: Query pattern %.lbsyun.baidu.com: pq: bind message supplies 1 parameters, but prepared statement "" requires 3
15:10:25.362669 Querying LoCArchive for lbsyun.baidu.com subdomains
15:10:25.362682 Querying VirusTotal for lbsyun.baidu.com subdomains
15:10:25.362696 Querying Crtsh for lbsyun.baidu.com subdomains
15:11:00.364209 URLScan: https://urlscan.io/api/v1/result/c5a58e16-de13-4518-8115-18367ff37369/: 429 Too Many Requests
15:11:00.364261 URLScan: https://urlscan.io/api/v1/result/43ab86a0-d79a-4288-bc38-c2ee83e869cc/: 429 Too Many Requests
15:11:00.364289 URLScan: https://urlscan.io/api/v1/result/4009eb79-86f7-4fb9-99af-6e5eb8883d4e/: 429 Too Many Requests
15:11:05.364493 URLScan: https://urlscan.io/api/v1/result/036eb096-6b58-427b-8770-5974ac88c4f8/: 429 Too Many Requests
15:11:05.364633 URLScan: https://urlscan.io/api/v1/result/dcd9819b-33be-4560-8afd-04308370e5c8/: 429 Too Many Requests
15:11:10.364850 URLScan: https://urlscan.io/api/v1/result/94dbe01c-a0f5-4dad-af16-2f9bb1378bf2/: 429 Too Many Requests
15:11:10.364974 CommonCrawl: https://index.commoncrawl.org/CC-MAIN-2020-45-index?filter=status%3A200&fl=url%2Cstatus&output=json&pageSize=2000&url=%2A.lbsyun.baidu.com: 504 Gateway Time-out
