INFO 2020/11/1 下午6:54:55  luanchFromDiffVersion, pre version is undefined
INFO 2020/11/1 下午6:54:55  overwriteThemeFolder
INFO 2020/11/1 下午6:54:55  ------------------start------------------
INFO 2020/11/1 下午6:54:55  typora version: 0.9.96
DEBUG 2020/11/1 下午6:54:55  [ '/usr/share/typora/Typora' ]
INFO 2020/11/1 下午6:54:55  [Raven] instanceKey = ab472181-eb63-472f-8567-ca10566c426b
DEBUG 2020/11/1 下午6:54:55  app.openFile
INFO 2020/11/1 下午6:54:55  [Raven] userId = 808755eb-939b-4ef5-bf8c-dfd78a5f4be5
INFO 2020/11/1 下午6:54:55  [focus] 1
INFO 2020/11/1 下午6:54:55  [blur] 1
INFO 2020/11/1 下午6:54:55  [focus] 1
INFO 2020/11/1 下午7:18:35  [blur] 1
INFO 2020/11/1 下午7:18:41  [focus] 1
INFO 2020/11/1 下午7:18:44  [blur] 1
INFO 2020/11/1 下午7:18:52  [focus] 1
INFO 2020/11/1 下午7:18:52  addRecentDocument
INFO 2020/11/1 下午7:19:31  [blur] 1
INFO 2020/11/1 下午7:19:31  [focus] 1
INFO 2020/11/1 下午8:37:59  [blur] 1
INFO 2020/11/1 下午8:39:32  [focus] 1
INFO 2020/11/1 下午8:42:14  [blur] 1
INFO 2020/11/1 下午8:54:55  [focus] 1
INFO 2020/11/1 下午9:53:22  [blur] 1
INFO 2020/11/1 下午9:53:34  [focus] 1
INFO 2020/11/1 下午10:00:35  [blur] 1
INFO 2020/11/1 下午10:00:36  [focus] 1
INFO 2020/11/1 下午10:00:55  [blur] 1
INFO 2020/11/1 下午10:01:01  [focus] 1
INFO 2020/11/1 下午10:01:11  [blur] 1
INFO 2020/11/1 下午10:01:30  [focus] 1
INFO 2020/11/1 下午10:02:11  [blur] 1
INFO 2020/11/1 下午10:02:14  [focus] 1
INFO 2020/11/1 下午10:02:15  [blur] 1
INFO 2020/11/1 下午10:02:36  [focus] 1
INFO 2020/11/1 下午10:02:39  load file [/tmp/1604239359952-0.9568926504911324.html] for PDF export
INFO 2020/11/1 下午10:02:40  [blur] 1
INFO 2020/11/1 下午10:02:40  generate print window with id 2
INFO 2020/11/1 下午10:02:44  [focus] 1
INFO 2020/11/1 下午10:02:44  [blur] 1
INFO 2020/11/1 下午10:02:45  [focus] 1
INFO 2020/11/1 下午10:02:45  [RenderProcess 1][Log] export PDF to /home/dyear/BugBounty/个人简历.pdf
INFO 2020/11/1 下午10:02:47  [blur] 1
INFO 2020/11/1 下午10:02:48  [focus] 1
INFO 2020/11/1 下午10:02:49  [blur] 1
INFO 2020/11/1 下午10:03:36  [focus] 1
INFO 2020/11/1 下午10:03:41  [blur] 1
INFO 2020/11/1 下午10:05:18  [focus] 1
INFO 2020/11/1 下午10:05:20  [blur] 1
INFO 2020/11/1 下午10:05:57  [focus] 1
INFO 2020/11/1 下午10:06:07  [blur] 1
INFO 2020/11/1 下午10:29:05  [focus] 1
INFO 2020/11/1 下午10:29:06  [blur] 1
INFO 2020/11/1 下午10:30:28  [focus] 1
INFO 2020/11/1 下午10:30:28  [blur] 1
INFO 2020/11/1 下午10:45:13  [focus] 1
INFO 2020/11/1 下午10:45:21  [blur] 1
INFO 2020/11/2 上午11:40:31  [focus] 1
INFO 2020/11/2 上午11:40:38  ----------------before-quit-----------------
INFO 2020/11/2 上午11:40:38  ------------------will-quit------------------
INFO 2020/11/9 上午11:14:30  ------------------start------------------
INFO 2020/11/9 上午11:14:30  typora version: 0.9.96
DEBUG 2020/11/9 上午11:14:30  [ '/usr/share/typora/Typora' ]
INFO 2020/11/9 上午11:14:30  [Raven] instanceKey = 4756ea1e-f481-41f7-956f-1e49dc3dec1e
DEBUG 2020/11/9 上午11:14:30  app.openFile
INFO 2020/11/9 上午11:14:30  [Raven] userId = 808755eb-939b-4ef5-bf8c-dfd78a5f4be5
INFO 2020/11/9 上午11:14:30  [focus] 1
INFO 2020/11/9 上午11:14:31  [blur] 1
INFO 2020/11/9 上午11:14:52  [focus] 1
INFO 2020/11/9 上午11:14:53  [blur] 1
INFO 2020/11/9 上午11:16:14  [focus] 1
INFO 2020/11/9 上午11:16:19  [blur] 1
INFO 2020/11/9 上午11:16:27  [focus] 1
INFO 2020/11/9 上午11:16:33  ----------------before-quit-----------------
INFO 2020/11/9 上午11:16:33  ------------------will-quit------------------
INFO 2020/11/9 上午11:20:34  ------------------start------------------
INFO 2020/11/9 上午11:20:34  typora version: 0.9.96
DEBUG 2020/11/9 上午11:20:34  [ '/usr/share/typora/Typora' ]
INFO 2020/11/9 上午11:20:34  [Raven] instanceKey = 8d338967-7614-4071-867a-be828322f231
DEBUG 2020/11/9 上午11:20:34  app.openFile
INFO 2020/11/9 上午11:20:34  [Raven] userId = 808755eb-939b-4ef5-bf8c-dfd78a5f4be5
INFO 2020/11/9 上午11:20:34  [focus] 1
INFO 2020/11/9 上午11:20:52  [blur] 1
INFO 2020/11/9 上午11:20:55  [focus] 1
INFO 2020/11/9 上午11:20:58  [blur] 1
INFO 2020/11/9 上午11:21:51  [focus] 1
DEBUG 2020/11/9 上午11:21:54  app.openFile
INFO 2020/11/9 上午11:21:54  [blur] 1
INFO 2020/11/9 上午11:21:54  [focus] 2
INFO 2020/11/9 上午11:21:56  [blur] 2
INFO 2020/11/9 上午11:21:56  [focus] 1
INFO 2020/11/9 上午11:21:56  [focus] 2
INFO 2020/11/9 上午11:26:22  [blur] 2
INFO 2020/11/9 上午11:26:44  [focus] 2
INFO 2020/11/9 上午11:26:44  addRecentDocument
INFO 2020/11/9 上午11:27:00  switchDocument
INFO 2020/11/9 上午11:27:00  addRecentDocument
INFO 2020/11/9 上午11:27:01  switchDocument
INFO 2020/11/9 上午11:27:01  addRecentDocument
DEBUG 2020/11/9 上午11:27:01  lastSync 1604892404458.298, timestamp 1604892420587, mtime 1604892404458.298
INFO 2020/11/9 上午11:27:02  [blur] 2
INFO 2020/11/9 上午11:37:51  [focus] 2
INFO 2020/11/9 上午11:37:52  [blur] 2
INFO 2020/11/9 上午11:48:50  [focus] 2
INFO 2020/11/9 上午11:48:52  switchDocument
INFO 2020/11/9 上午11:48:52  addRecentDocument
DEBUG 2020/11/9 上午11:48:52  lastSync null, timestamp 1604892420616, mtime 1604892411501.6313
INFO 2020/11/9 上午11:48:52  switchDocument
INFO 2020/11/9 上午11:48:52  addRecentDocument
DEBUG 2020/11/9 上午11:48:52  lastSync 1604892404458.298, timestamp 1604893732176, mtime 1604892404458.298
INFO 2020/11/9 上午11:48:53  [blur] 2
INFO 2020/11/9 下午12:00:41  [focus] 2
INFO 2020/11/9 下午12:00:43  switchDocument
INFO 2020/11/9 下午12:00:43  addRecentDocument
DEBUG 2020/11/9 下午12:00:43  lastSync null, timestamp 1604893732932, mtime 1604892411501.6313
INFO 2020/11/9 下午12:03:24  [blur] 2
INFO 2020/11/9 下午3:28:25  [focus] 2
INFO 2020/11/9 下午3:28:26  [blur] 2
INFO 2020/11/9 下午8:56:32  [focus] 2
INFO 2020/11/9 下午8:56:32  [blur] 2
INFO 2020/11/9 下午9:13:04  [focus] 2
INFO 2020/11/9 下午9:13:07  ----------------before-quit-----------------
INFO 2020/11/9 下午9:13:07  ------------------will-quit------------------
INFO 2020/11/18 下午4:06:36  ------------------start------------------
INFO 2020/11/18 下午4:06:36  typora version: 0.9.96
DEBUG 2020/11/18 下午4:06:36  [
  '/usr/share/typora/Typora',
  '/home/dyear/Downloads/欢迎使用我来 🎉 (1).md'
]
DEBUG 2020/11/18 下午4:06:36  app.openFile
INFO 2020/11/18 下午4:06:36  addRecentDocument
INFO 2020/11/18 下午4:06:36  [Raven] instanceKey = fbe03d7f-a424-484e-bee7-ddb00b07f901
INFO 2020/11/18 下午4:06:36  [Raven] userId = 808755eb-939b-4ef5-bf8c-dfd78a5f4be5
INFO 2020/11/18 下午4:06:36  [focus] 1
INFO 2020/11/18 下午4:07:05  ----------------before-quit-----------------
INFO 2020/11/18 下午4:07:05  ------------------will-quit------------------
