Loading main app package /tmp/.mount_obsidiOGrpLl/resources/obsidian.asar
Checking for update using Github
Failed to check for update using Github
Checking for update using obsidian.md
Success.
App is up to date.
Loading main app package /tmp/.mount_obsidiT8KyU7/resources/obsidian.asar
Checking for update using Github
Failed to check for update using Github
Checking for update using obsidian.md
Success.
App is up to date.
Checking for update using Github
Failed to check for update using Github
Checking for update using obsidian.md
Success.
App is up to date.
Loading main app package /tmp/.mount_obsidiUAyseq/resources/obsidian.asar
Checking for update using Github
Failed to check for update using Github
Checking for update using obsidian.md
Success.
App is up to date.
Loading main app package /tmp/.mount_obsidiPuYlgA/resources/obsidian.asar
Checking for update using Github
Failed to check for update using Github
Checking for update using obsidian.md
Success.
App is up to date.
Checking for update using Github
Failed to check for update using Github
Checking for update using obsidian.md
Success.
App is up to date.
Checking for update using Github
Failed to check for update using Github
Checking for update using obsidian.md
Success.
App is up to date.
Loading main app package /tmp/.mount_obsidiifbPL7/resources/obsidian.asar
Checking for update using Github
Failed to check for update using Github
Checking for update using obsidian.md
Success.
Downloading update from https://releases.obsidian.md/download?url=https%3A%2F%2Fgithub.com%2Fobsidianmd%2Fobsidian-releases%2Freleases%2Fdownload%2Fv0.9.15%2Fobsidian-0.9.15.asar.gz
Verifying hash & signature
Saving file
Update complete.
Checking for update using Github
Failed to check for update using Github
Checking for update using obsidian.md
Success.
An update is already downloaded.
Checking for update using Github
Failed to check for update using Github
Checking for update using obsidian.md
Success.
An update is already downloaded.
Loading updated app package /home/dyear/.config/obsidian/obsidian-0.9.15.asar
Checking for update using Github
Failed to check for update using Github
Checking for update using obsidian.md
Success.
App is up to date.
