正在查找 Git: git
将使用位于 git 的 Git 2.29.2
> git rev-parse --git-dir
Open repository: /home/dyear/Study/TiddlyGit-Desktop
> git status -z -u
> git symbolic-ref --short HEAD
> git rev-parse master
> git rev-parse --symbolic-full-name master@{u}
> git rev-list --left-right master...refs/remotes/origin/master
> git for-each-ref --sort -committerdate --format %(refname) %(objectname)
> git remote --verbose
Warning: Failed to watch ref '/home/dyear/Study/TiddlyGit-Desktop/.git/refs/remotes/origin/master', is most likely packed.
> git config --get commit.template
> git check-ignore -v -z --stdin
> git show --textconv :template/wiki/plugins/linonetwo/watch-fs/3rds.js
> git ls-files --stage -- /home/dyear/Study/TiddlyGit-Desktop/template/wiki/plugins/linonetwo/watch-fs/3rds.js
> git cat-file -s 235adc61d2b532430a117754d1dcaff6951259c4
> git check-ignore -v -z --stdin
> git check-ignore -v -z --stdin
> git check-ignore -v -z --stdin
> git show --textconv :template/wiki/plugins/linonetwo/watch-fs/readme.tid
> git ls-files --stage -- /home/dyear/Study/TiddlyGit-Desktop/template/wiki/plugins/linonetwo/watch-fs/readme.tid
> git cat-file -s b04319de6d30f3b323a3475bf5ac7ab6cdb1ae76
> git show --textconv :dist.js
> git ls-files --stage -- /home/dyear/Study/TiddlyGit-Desktop/dist.js
> git cat-file -s 4b4a85c50a999235d8aadb40b4fce4ddec8e3272
> git check-ignore -v -z --stdin
> git check-ignore -v -z --stdin
> git check-ignore -v -z --stdin
> git check-ignore -v -z --stdin
> git check-ignore -v -z --stdin
> git check-ignore -v -z --stdin
> git show --textconv :src/index.js
> git ls-files --stage -- /home/dyear/Study/TiddlyGit-Desktop/src/index.js
> git cat-file -s 84fc5fa74914d6ac7ba504d05fdb1f1bdb156c12
git.getSCMResource.uri file:///home/dyear/Study/TiddlyGit-Desktop/src/index.js
repo root /home/dyear/Study/TiddlyGit-Desktop
> git show --textconv HEAD:src/index.js
> git ls-tree -l HEAD -- /home/dyear/Study/TiddlyGit-Desktop/src/index.js
> git log --format=%H%n%aN%n%aE%n%at%n%ct%n%P%n%B -z -n21 -- /home/dyear/Study/TiddlyGit-Desktop/src/index.js
> git show --textconv :src/index.js
> git ls-files --stage -- /home/dyear/Study/TiddlyGit-Desktop/src/index.js
> git cat-file -s 84fc5fa74914d6ac7ba504d05fdb1f1bdb156c12
git.getSCMResource.uri file:///home/dyear/Study/TiddlyGit-Desktop/src/index.js
repo root /home/dyear/Study/TiddlyGit-Desktop
> git ls-tree -l HEAD -- /home/dyear/Study/TiddlyGit-Desktop/src/index.js
> git show --textconv :src/index.js
> git ls-files --stage -- /home/dyear/Study/TiddlyGit-Desktop/src/index.js
> git cat-file -s 84fc5fa74914d6ac7ba504d05fdb1f1bdb156c12
> git show --textconv :.vscode/launch.json
> git ls-files --stage -- /home/dyear/Study/TiddlyGit-Desktop/.vscode/launch.json
> git cat-file -s a9163125eb4565cdda8688c7a711547defc5c8f9
> git check-ignore -v -z --stdin
> git check-ignore -v -z --stdin
> git status -z -u
> git symbolic-ref --short HEAD
> git rev-parse master
> git rev-parse --symbolic-full-name master@{u}
> git rev-list --left-right master...refs/remotes/origin/master
> git for-each-ref --sort -committerdate --format %(refname) %(objectname)
> git remote --verbose
Warning: Failed to watch ref '/home/dyear/Study/TiddlyGit-Desktop/.git/refs/remotes/origin/master', is most likely packed.
> git config --get commit.template
> git ls-files --stage -- /home/dyear/Study/TiddlyGit-Desktop/.vscode/launch.json
> git cat-file -s a9163125eb4565cdda8688c7a711547defc5c8f9
> git show --textconv :.vscode/launch.json
> git status -z -u
> git symbolic-ref --short HEAD
> git rev-parse master
> git rev-parse --symbolic-full-name master@{u}
> git rev-list --left-right master...refs/remotes/origin/master
> git for-each-ref --sort -committerdate --format %(refname) %(objectname)
> git remote --verbose
Warning: Failed to watch ref '/home/dyear/Study/TiddlyGit-Desktop/.git/refs/remotes/origin/master', is most likely packed.
> git config --get commit.template
> git show --textconv :src/index.js
> git ls-files --stage -- /home/dyear/Study/TiddlyGit-Desktop/src/index.js
> git cat-file -s 84fc5fa74914d6ac7ba504d05fdb1f1bdb156c12
> git show --textconv :package.json
> git ls-files --stage -- /home/dyear/Study/TiddlyGit-Desktop/package.json
> git cat-file -s 19febd1eb6e22c379a722ca952d5e6050e6dbaa6
> git status -z -u
> git symbolic-ref --short HEAD
> git rev-parse master
> git rev-parse --symbolic-full-name master@{u}
> git ls-files --stage -- /home/dyear/Study/TiddlyGit-Desktop/package.json
> git rev-list --left-right master...refs/remotes/origin/master
> git cat-file -s 19febd1eb6e22c379a722ca952d5e6050e6dbaa6
> git for-each-ref --sort -committerdate --format %(refname) %(objectname)
> git remote --verbose
Warning: Failed to watch ref '/home/dyear/Study/TiddlyGit-Desktop/.git/refs/remotes/origin/master', is most likely packed.
> git show --textconv :package.json
> git config --get commit.template
> git status -z -u
> git symbolic-ref --short HEAD
> git rev-parse master
> git rev-parse --symbolic-full-name master@{u}
> git rev-list --left-right master...refs/remotes/origin/master
> git for-each-ref --sort -committerdate --format %(refname) %(objectname)
> git remote --verbose
Warning: Failed to watch ref '/home/dyear/Study/TiddlyGit-Desktop/.git/refs/remotes/origin/master', is most likely packed.
> git config --get commit.template
> git show --textconv :src/index.js
> git ls-files --stage -- /home/dyear/Study/TiddlyGit-Desktop/src/index.js
> git cat-file -s 84fc5fa74914d6ac7ba504d05fdb1f1bdb156c12
> git show --textconv :package.json
> git ls-files --stage -- /home/dyear/Study/TiddlyGit-Desktop/package.json
> git cat-file -s 19febd1eb6e22c379a722ca952d5e6050e6dbaa6
> git log --format=%H%n%aN%n%aE%n%at%n%ct%n%P%n%B -z -n21 -- /home/dyear/Study/TiddlyGit-Desktop/package.json
> git show --textconv :dist.js
> git ls-files --stage -- /home/dyear/Study/TiddlyGit-Desktop/dist.js
> git cat-file -s 4b4a85c50a999235d8aadb40b4fce4ddec8e3272
