[2020-11-01 17:14:22.389] [sharedprocess] [info] main {"machineId":"033fb1252174899d023c6ce2c1482ad8534df8b4ea452c49687c0397df9fc6ac","windowId":2}
[2020-11-01 17:14:24.757] [sharedprocess] [info] Installing extension: zhanghua.vscodium-language-pack-zh-cn
[2020-11-01 17:14:25.681] [sharedprocess] [info] Downloaded extension: zhanghua.vscodium-language-pack-zh-cn undefined
[2020-11-01 17:14:25.811] [sharedprocess] [info] Extracted extension to /home/dyear/.vscode-oss/extensions/.zhanghua.vscodium-language-pack-zh-cn-1.50.2: zhanghua.vscodium-language-pack-zh-cn
[2020-11-01 17:14:25.811] [sharedprocess] [info] Renamed to /home/dyear/.vscode-oss/extensions/zhanghua.vscodium-language-pack-zh-cn-1.50.2
[2020-11-01 17:14:25.812] [sharedprocess] [info] Installation completed. zhanghua.vscodium-language-pack-zh-cn
[2020-11-01 17:14:25.823] [sharedprocess] [info] Extensions installed successfully: zhanghua.vscodium-language-pack-zh-cn
[2020-11-01 17:15:02.413] [sharedprocess] [info] Starting to clean up unused language packs.
[2020-11-01 17:15:02.414] [sharedprocess] [info] Removing unused language pack: 18f7d642066e17ca7d92e9062d0cd3ab.zh-cn
[2020-11-01 18:44:27.135] [sharedprocess] [info] Installing extension: robole.marky-markdown
[2020-11-01 18:44:27.487] [sharedprocess] [info] Downloaded extension: robole.marky-markdown undefined
[2020-11-01 18:44:27.500] [sharedprocess] [info] Extracted extension to /home/dyear/.vscode-oss/extensions/.robole.marky-markdown-2.7.0: robole.marky-markdown
[2020-11-01 18:44:27.500] [sharedprocess] [info] Renamed to /home/dyear/.vscode-oss/extensions/robole.marky-markdown-2.7.0
[2020-11-01 18:44:27.500] [sharedprocess] [info] Installation completed. robole.marky-markdown
[2020-11-01 18:44:27.884] [sharedprocess] [info] Installing extension: robole.marky-dynamic
[2020-11-01 18:44:27.885] [sharedprocess] [info] Installing extension: robole.marky-stats
[2020-11-01 18:44:27.885] [sharedprocess] [info] Installing extension: robole.marky-edit
[2020-11-01 18:44:27.885] [sharedprocess] [info] Installing extension: robole.markdown-snippets
[2020-11-01 18:44:28.328] [sharedprocess] [info] Downloaded extension: robole.marky-dynamic undefined
[2020-11-01 18:44:28.341] [sharedprocess] [info] Extracted extension to /home/dyear/.vscode-oss/extensions/.robole.marky-dynamic-0.1.0: robole.marky-dynamic
[2020-11-01 18:44:28.341] [sharedprocess] [info] Renamed to /home/dyear/.vscode-oss/extensions/robole.marky-dynamic-0.1.0
[2020-11-01 18:44:28.342] [sharedprocess] [info] Installation completed. robole.marky-dynamic
[2020-11-01 18:44:28.346] [sharedprocess] [info] Extensions installed successfully: robole.marky-dynamic
[2020-11-01 18:44:28.413] [sharedprocess] [info] Downloaded extension: robole.marky-stats undefined
[2020-11-01 18:44:28.429] [sharedprocess] [info] Extracted extension to /home/dyear/.vscode-oss/extensions/.robole.marky-stats-0.1.0: robole.marky-stats
[2020-11-01 18:44:28.430] [sharedprocess] [info] Renamed to /home/dyear/.vscode-oss/extensions/robole.marky-stats-0.1.0
[2020-11-01 18:44:28.430] [sharedprocess] [info] Installation completed. robole.marky-stats
[2020-11-01 18:44:28.435] [sharedprocess] [info] Extensions installed successfully: robole.marky-stats
[2020-11-01 18:44:28.587] [sharedprocess] [info] Downloaded extension: robole.marky-edit undefined
[2020-11-01 18:44:28.604] [sharedprocess] [info] Extracted extension to /home/dyear/.vscode-oss/extensions/.robole.marky-edit-0.2.0: robole.marky-edit
[2020-11-01 18:44:28.604] [sharedprocess] [info] Renamed to /home/dyear/.vscode-oss/extensions/robole.marky-edit-0.2.0
[2020-11-01 18:44:28.605] [sharedprocess] [info] Installation completed. robole.marky-edit
[2020-11-01 18:44:28.609] [sharedprocess] [info] Extensions installed successfully: robole.marky-edit
[2020-11-01 18:44:28.648] [sharedprocess] [info] Downloaded extension: robole.markdown-snippets undefined
[2020-11-01 18:44:28.663] [sharedprocess] [info] Extracted extension to /home/dyear/.vscode-oss/extensions/.robole.markdown-snippets-0.6.0: robole.markdown-snippets
[2020-11-01 18:44:28.663] [sharedprocess] [info] Renamed to /home/dyear/.vscode-oss/extensions/robole.markdown-snippets-0.6.0
[2020-11-01 18:44:28.664] [sharedprocess] [info] Installation completed. robole.markdown-snippets
[2020-11-01 18:44:28.668] [sharedprocess] [info] Extensions installed successfully: robole.markdown-snippets
[2020-11-01 18:44:28.669] [sharedprocess] [info] Extensions installed successfully: robole.marky-markdown
